<?xml version="1.0" encoding="UTF-8"?>
<!-- Generated by org.testng.reporters.JUnitReportReporter -->
<testsuite hostname="HrishitasMacBookAir.local" failures="0" tests="2" name="tests.PutAndDelete" time="3.595" errors="0" timestamp="2022-06-12T17:46:48 IST" skipped="0">
  <testcase classname="tests.PutAndDelete" name="testDelete" time="3.044"/>
  <system-out/>
  <testcase classname="tests.PutAndDelete" name="testPut" time="0.551"/>
  <system-out/>
</testsuite> <!-- tests.PutAndDelete -->
