<?xml version="1.0" encoding="UTF-8"?>
<!-- Generated by org.testng.reporters.JUnitReportReporter -->
<testsuite hostname="HrishitasMacBookAir.local" failures="0" tests="2" name="tests.GetAndPost" time="5.219" errors="0" timestamp="2022-06-13T18:40:15 IST" skipped="0">
  <testcase classname="tests.GetAndPost" name="testGet" time="4.336"/>
  <system-out/>
  <testcase classname="tests.GetAndPost" name="testPost" time="0.883"/>
  <system-out/>
</testsuite> <!-- tests.GetAndPost -->
