<?xml version="1.0" encoding="UTF-8"?>
<!-- Generated by org.testng.reporters.JUnitReportReporter -->
<testsuite hostname="HrishitasMacBookAir.local" failures="0" tests="2" name="tests.TestExamples" time="3.057" errors="0" timestamp="2022-06-11T17:06:05 IST" skipped="0">
  <testcase classname="tests.TestExamples" name="test_2" time="0.921"/>
  <system-out/>
  <testcase classname="tests.TestExamples" name="test_1" time="2.136"/>
  <system-out/>
</testsuite> <!-- tests.TestExamples -->
