<?xml version="1.0" encoding="UTF-8"?>
<!-- Generated by org.testng.reporters.JUnitReportReporter -->
<testsuite hostname="HrishitasMacBookAir.local" failures="0" tests="4" name="tests.PutAndDelete" time="6.810" errors="0" timestamp="2022-06-13T18:51:31 IST" skipped="0">
  <testcase classname="tests.PutAndDelete" name="testDelete" time="4.492"/>
  <system-out/>
  <testcase classname="tests.PutAndDelete" name="testGet" time="1.291"/>
  <system-out/>
  <testcase classname="tests.PutAndDelete" name="testPost" time="0.548"/>
  <system-out/>
  <testcase classname="tests.PutAndDelete" name="testPut" time="0.479"/>
  <system-out/>
</testsuite> <!-- tests.PutAndDelete -->
