<?xml version="1.0" encoding="UTF-8"?>
<!-- Generated by org.testng.reporters.JUnitReportReporter -->
<testsuite hostname="HrishitasMacBookAir.local" failures="0" tests="4" name="tests.HttpMethodsTest" time="6.304" errors="0" timestamp="2022-06-15T18:26:34 IST" skipped="0">
  <testcase classname="tests.HttpMethodsTest" name="testDelete" time="3.812"/>
  <system-out/>
  <testcase classname="tests.HttpMethodsTest" name="testGet" time="1.282"/>
  <system-out/>
  <testcase classname="tests.HttpMethodsTest" name="testPost" time="0.523"/>
  <system-out/>
  <testcase classname="tests.HttpMethodsTest" name="testPut" time="0.687"/>
  <system-out/>
</testsuite> <!-- tests.HttpMethodsTest -->
