<?xml version="1.0" encoding="UTF-8"?>
<!-- Generated by org.testng.reporters.JUnitReportReporter -->
<testsuite hostname="HrishitasMacBookAir.local" failures="0" tests="3" name="tests.GetAndPost" time="4.935" errors="0" timestamp="2022-06-12T17:47:24 IST" skipped="0">
  <testcase classname="tests.GetAndPost" name="testDelete" time="3.063"/>
  <system-out/>
  <testcase classname="tests.GetAndPost" name="testGet" time="1.318"/>
  <system-out/>
  <testcase classname="tests.GetAndPost" name="testPost" time="0.554"/>
  <system-out/>
</testsuite> <!-- tests.GetAndPost -->
